<?xml version="1.0" encoding="UTF-8"?>
<testsuite xmlns:xsi="http://www.w3.org/2001/XMLSchema-instance" xsi:schemaLocation="https://maven.apache.org/surefire/maven-surefire-plugin/xsd/surefire-test-report.xsd" name="YouJustLostTheGameAgain.test.ModelUtilTest" time="0.008" tests="25" errors="0" skipped="0" failures="0">
  <properties>
[...]
</properties>
  <testcase name="testGetNullObjectInRoomById" classname="YouJustLostTheGameAgain.test.ModelUtilTest" time="0"/>
  <testcase name="testGetNullItemInRoomByName" classname="YouJustLostTheGameAgain.test.ModelUtilTest" time="0"/>
  <testcase name="testGetArmor" classname="YouJustLostTheGameAgain.test.ModelUtilTest" time="0"/>
  <testcase name="testGetRoomByCoords" classname="YouJustLostTheGameAgain.test.ModelUtilTest" time="0"/>
  <testcase name="testGetNPCByName" classname="YouJustLostTheGameAgain.test.ModelUtilTest" time="0"/>
  <testcase name="testGetNullDialogueLinesByContext" classname="YouJustLostTheGameAgain.test.ModelUtilTest" time="0"/>
  <testcase name="testGetNullNPCsInRoom" classname="YouJustLostTheGameAgain.test.ModelUtilTest" time="0"/>
  <testcase name="testSetEquippedReplace" classname="YouJustLostTheGameAgain.test.ModelUtilTest" time="0"/>
  <testcase name="testGetNullWeapon" classname="YouJustLostTheGameAgain.test.ModelUtilTest" time="0"/>
  <testcase name="testGetObjectInRoomById" classname="YouJustLostTheGameAgain.test.ModelUtilTest" time="0"/>
  <testcase name="testGetItemInRoomByName" classname="YouJustLostTheGameAgain.test.ModelUtilTest" time="0"/>
  <testcase name="testSetEquippedNew" classname="YouJustLostTheGameAgain.test.ModelUtilTest" time="0"/>
  <testcase name="testGetArmorRating" classname="YouJustLostTheGameAgain.test.ModelUtilTest" time="0"/>
  <testcase name="testGetNullArmorRating" classname="YouJustLostTheGameAgain.test.ModelUtilTest" time="0"/>
  <testcase name="testGetNPCsInRoom" classname="YouJustLostTheGameAgain.test.ModelUtilTest" time="0"/>
  <testcase name="testGetExitByDirection" classname="YouJustLostTheGameAgain.test.ModelUtilTest" time="0"/>
  <testcase name="testGetNullExitByDirection" classname="YouJustLostTheGameAgain.test.ModelUtilTest" time="0.001"/>
  <testcase name="testGetDialogueLinesByContext" classname="YouJustLostTheGameAgain.test.ModelUtilTest" time="0.001"/>
  <testcase name="testGetNullNPCByName" classname="YouJustLostTheGameAgain.test.ModelUtilTest" time="0"/>
  <testcase name="testGetPlayer" classname="YouJustLostTheGameAgain.test.ModelUtilTest" time="0.001"/>
  <testcase name="testGetNullHeldItemByName" classname="YouJustLostTheGameAgain.test.ModelUtilTest" time="0"/>
  <testcase name="testGetWeapon" classname="YouJustLostTheGameAgain.test.ModelUtilTest" time="0"/>
  <testcase name="testGetNullArmor" classname="YouJustLostTheGameAgain.test.ModelUtilTest" time="0"/>
  <testcase name="testGetHeldItemByName" classname="YouJustLostTheGameAgain.test.ModelUtilTest" time="0"/>
  <testcase name="testGetNullRoomByCoords" classname="YouJustLostTheGameAgain.test.ModelUtilTest" time="0"/>
</testsuite>